\BOOKMARK [0][-]{chapter*.2}{List of Abbreviations}{}% 1
\BOOKMARK [0][-]{chapter.1}{Introduction}{}% 2
\BOOKMARK [0][-]{chapter.2}{Gravitational Waves}{}% 3
\BOOKMARK [1][-]{section.2.1}{Fundamentals}{chapter.2}% 4
\BOOKMARK [2][-]{subsection.2.1.1}{Wave Equation}{section.2.1}% 5
\BOOKMARK [2][-]{subsection.2.1.2}{Free Field Modes}{section.2.1}% 6
\BOOKMARK [2][-]{subsection.2.1.3}{Quadrupole Wave Emission}{section.2.1}% 7
\BOOKMARK [1][-]{section.2.2}{Sources}{chapter.2}% 8
\BOOKMARK [2][-]{subsection.2.2.1}{Binary Black Hole Mergers}{section.2.2}% 9
\BOOKMARK [1][-]{section.2.3}{Stochastic Background}{chapter.2}% 10
\BOOKMARK [2][-]{subsection.2.3.1}{Astrophysical}{section.2.3}% 11
\BOOKMARK [2][-]{subsection.2.3.2}{Cosmological}{section.2.3}% 12
\BOOKMARK [2][-]{subsection.2.3.3}{Number Density Distribution}{section.2.3}% 13
\BOOKMARK [2][-]{subsection.2.3.4}{Projection Effects}{section.2.3}% 14
\BOOKMARK [0][-]{chapter.3}{Frequency Dependence of the AGWB}{}% 15
\BOOKMARK [1][-]{section.3.1}{Energy Spectrum}{chapter.3}% 16
\BOOKMARK [1][-]{section.3.2}{Merger Rate}{chapter.3}% 17
\BOOKMARK [1][-]{section.3.3}{Star Formation Rate}{chapter.3}% 18
\BOOKMARK [2][-]{subsection.3.3.1}{UniverseMachine}{section.3.3}% 19
\BOOKMARK [1][-]{section.3.4}{Halo Mass Function}{chapter.3}% 20
\BOOKMARK [2][-]{subsection.3.4.1}{Press-Schechter Formalism}{section.3.4}% 21
\BOOKMARK [1][-]{section.3.5}{Window Function}{chapter.3}% 22
\BOOKMARK [1][-]{section.3.6}{Evolution Bias}{chapter.3}% 23
\BOOKMARK [1][-]{section.3.7}{Magnification Bias}{chapter.3}% 24
\BOOKMARK [0][-]{chapter.4}{Component Separation Methods}{}% 25
\BOOKMARK [1][-]{section.4.1}{Instrumental Noise}{chapter.4}% 26
\BOOKMARK [2][-]{subsection.4.1.1}{LIGO, Virgo \046 KAGRA}{section.4.1}% 27
\BOOKMARK [2][-]{subsection.4.1.2}{Einstein Telescope \046 Cosmic Explorer}{section.4.1}% 28
\BOOKMARK [2][-]{subsection.4.1.3}{LISA \046 TianQin}{section.4.1}% 29
\BOOKMARK [1][-]{section.4.2}{Internal Linear Combination?}{chapter.4}% 30
\BOOKMARK [0][-]{chapter.5}{Information Field Theory}{}% 31
\BOOKMARK [1][-]{section.5.1}{Information Hamiltonian}{chapter.5}% 32
\BOOKMARK [1][-]{section.5.2}{Linear Filter}{chapter.5}% 33
\BOOKMARK [2][-]{subsection.5.2.1}{Wiener Filter}{section.5.2}% 34
\BOOKMARK [0][-]{chapter.6}{Results}{}% 35
\BOOKMARK [1][-]{section.6.1}{Frequency Dependent AGWB Angular Power Spectrum}{chapter.6}% 36
\BOOKMARK [1][-]{section.6.2}{AGWB vs. Noise}{chapter.6}% 37
\BOOKMARK [2][-]{subsection.6.2.1}{1D Toy Model}{section.6.2}% 38
\BOOKMARK [2][-]{subsection.6.2.2}{Sky Map}{section.6.2}% 39
\BOOKMARK [1][-]{section.6.3}{CGWB vs. Noise}{chapter.6}% 40
\BOOKMARK [2][-]{subsection.6.3.1}{Sky Map}{section.6.3}% 41
\BOOKMARK [0][-]{chapter.7}{Conclusion \046 Outlook}{}% 42
\BOOKMARK [0][-]{chapter.7}{List of Figures}{}% 43
\BOOKMARK [0][-]{appendix*.22}{Acknowledgements}{}% 44
\BOOKMARK [0][-]{appendix*.22}{Bibliography}{}% 45
