This is pdfTeX, Version 3.14159265-2.6-1.40.20 (TeX Live 2019/Debian) (preloaded format=pdflatex 2023.7.31)  18 OCT 2023 17:50
entering extended mode
 restricted \write18 enabled.
 file:line:error style messages enabled.
 %&-line parsing enabled.
**/home/felic/felic/Uni/Cosmology/Gravitational_Waves/Thesis/LaTeX/main
(/home/felic/felic/Uni/Cosmology/Gravitational_Waves/Thesis/LaTeX/main.tex
LaTeX2e <2020-02-02> patch level 2
L3 programming layer <2020-02-14> (/usr/share/texlive/texmf-dist/tex/latex/base/book.cls
Document Class: book 2019/12/20 v1.4l Standard LaTeX document class
(/usr/share/texlive/texmf-dist/tex/latex/base/bk12.clo
File: bk12.clo 2019/12/20 v1.4l Standard LaTeX file (size option)
)
\c@part=\count167
\c@chapter=\count168
\c@section=\count169
\c@subsection=\count170
\c@subsubsection=\count171
\c@paragraph=\count172
\c@subparagraph=\count173
\c@figure=\count174
\c@table=\count175
\abovecaptionskip=\skip47
\belowcaptionskip=\skip48
\bibindent=\dimen134
) (/usr/share/texlive/texmf-dist/tex/latex/base/inputenc.sty
Package: inputenc 2018/08/11 v1.3c Input encoding file
\inpenc@prehook=\toks14
\inpenc@posthook=\toks15
) (/usr/share/texlive/texmf-dist/tex/latex/geometry/geometry.sty
Package: geometry 2020/01/02 v5.9 Page Geometry
 (/usr/share/texlive/texmf-dist/tex/latex/graphics/keyval.sty
Package: keyval 2014/10/28 v1.15 key=value parser (DPC)
\KV@toks@=\toks16
) (/usr/share/texlive/texmf-dist/tex/generic/iftex/ifvtex.sty
Package: ifvtex 2019/10/25 v1.7 ifvtex legacy package. Use iftex instead.
 (/usr/share/texlive/texmf-dist/tex/generic/iftex/iftex.sty
Package: iftex 2019/11/07 v1.0c TeX engine tests
))
\Gm@cnth=\count176
\Gm@cntv=\count177
\c@Gm@tempcnt=\count178
\Gm@bindingoffset=\dimen135
\Gm@wd@mp=\dimen136
\Gm@odd@mp=\dimen137
\Gm@even@mp=\dimen138
\Gm@layoutwidth=\dimen139
\Gm@layoutheight=\dimen140
\Gm@layouthoffset=\dimen141
\Gm@layoutvoffset=\dimen142
\Gm@dimlist=\toks17
) (/usr/share/texlive/texmf-dist/tex/latex/biblatex/biblatex.sty
Package: biblatex 2019/12/01 v3.14 programmable bibliographies (PK/MW)
 (/usr/share/texlive/texmf-dist/tex/latex/pdftexcmds/pdftexcmds.sty
Package: pdftexcmds 2019/11/24 v0.31 Utility functions of pdfTeX for LuaTeX (HO)
 (/usr/share/texlive/texmf-dist/tex/generic/infwarerr/infwarerr.sty
Package: infwarerr 2019/12/03 v1.5 Providing info/warning/error messages (HO)
) (/usr/share/texlive/texmf-dist/tex/generic/ltxcmds/ltxcmds.sty
Package: ltxcmds 2019/12/15 v1.24 LaTeX kernel commands for general use (HO)
)
Package pdftexcmds Info: \pdf@primitive is available.
Package pdftexcmds Info: \pdf@ifprimitive is available.
Package pdftexcmds Info: \pdfdraftmode found.
) (/usr/share/texlive/texmf-dist/tex/latex/etoolbox/etoolbox.sty
Package: etoolbox 2019/09/21 v2.5h e-TeX tools for LaTeX (JAW)
\etb@tempcnta=\count179
) (/usr/share/texlive/texmf-dist/tex/latex/kvoptions/kvoptions.sty
Package: kvoptions 2019/11/29 v3.13 Key value format for package options (HO)
 (/usr/share/texlive/texmf-dist/tex/generic/kvsetkeys/kvsetkeys.sty
Package: kvsetkeys 2019/12/15 v1.18 Key value parser (HO)
)) (/usr/share/texlive/texmf-dist/tex/latex/logreq/logreq.sty
Package: logreq 2010/08/04 v1.0 xml request logger
\lrq@indent=\count180
 (/usr/share/texlive/texmf-dist/tex/latex/logreq/logreq.def
File: logreq.def 2010/08/04 v1.0 logreq spec v1.0
)) (/usr/share/texlive/texmf-dist/tex/latex/base/ifthen.sty
Package: ifthen 2014/09/29 v1.1c Standard LaTeX ifthen package (DPC)
) (/usr/share/texlive/texmf-dist/tex/latex/url/url.sty
\Urlmuskip=\muskip16
Package: url 2013/09/16  ver 3.4  Verb mode for urls, etc.
)
\c@tabx@nest=\count181
\c@listtotal=\count182
\c@listcount=\count183
\c@liststart=\count184
\c@liststop=\count185
\c@citecount=\count186
\c@citetotal=\count187
\c@multicitecount=\count188
\c@multicitetotal=\count189
\c@instcount=\count190
\c@maxnames=\count191
\c@minnames=\count192
\c@maxitems=\count193
\c@minitems=\count194
\c@citecounter=\count195
\c@maxcitecounter=\count196
\c@savedcitecounter=\count197
\c@uniquelist=\count198
\c@uniquename=\count199
\c@refsection=\count266
\c@refsegment=\count267
\c@maxextratitle=\count268
\c@maxextratitleyear=\count269
\c@maxextraname=\count270
\c@maxextradate=\count271
\c@maxextraalpha=\count272
\c@abbrvpenalty=\count273
\c@highnamepenalty=\count274
\c@lownamepenalty=\count275
\c@maxparens=\count276
\c@parenlevel=\count277
\blx@tempcnta=\count278
\blx@tempcntb=\count279
\blx@tempcntc=\count280
\blx@maxsection=\count281
\blx@maxsegment@0=\count282
\blx@notetype=\count283
\blx@parenlevel@text=\count284
\blx@parenlevel@foot=\count285
\blx@sectionciteorder@0=\count286
\blx@entrysetcounter=\count287
\labelnumberwidth=\skip49
\labelalphawidth=\skip50
\biblabelsep=\skip51
\bibitemsep=\skip52
\bibnamesep=\skip53
\bibinitsep=\skip54
\bibparsep=\skip55
\bibhang=\skip56
\blx@bcfin=\read2
\blx@bcfout=\write3
\blx@langwohyphens=\language5
\c@mincomprange=\count288
\c@maxcomprange=\count289
\c@mincompwidth=\count290
Package biblatex Info: Trying to load biblatex default data model...
Package biblatex Info: ... file 'blx-dm.def' found.
 (/usr/share/texlive/texmf-dist/tex/latex/biblatex/blx-dm.def
File: blx-dm.def 2019/12/01 v3.14 biblatex localization (PK/MW)
)
Package biblatex Info: Trying to load biblatex style data model...
Package biblatex Info: ... file 'authoryear.dbx' not found.
Package biblatex Info: Trying to load biblatex custom data model...
Package biblatex Info: ... file 'biblatex-dm.cfg' not found.
\c@afterword=\count291
\c@savedafterword=\count292
\c@annotator=\count293
\c@savedannotator=\count294
\c@author=\count295
\c@savedauthor=\count296
\c@bookauthor=\count297
\c@savedbookauthor=\count298
\c@commentator=\count299
\c@savedcommentator=\count300
\c@editor=\count301
\c@savededitor=\count302
\c@editora=\count303
\c@savededitora=\count304
\c@editorb=\count305
\c@savededitorb=\count306
\c@editorc=\count307
\c@savededitorc=\count308
\c@foreword=\count309
\c@savedforeword=\count310
\c@holder=\count311
\c@savedholder=\count312
\c@introduction=\count313
\c@savedintroduction=\count314
\c@namea=\count315
\c@savednamea=\count316
\c@nameb=\count317
\c@savednameb=\count318
\c@namec=\count319
\c@savednamec=\count320
\c@translator=\count321
\c@savedtranslator=\count322
\c@shortauthor=\count323
\c@savedshortauthor=\count324
\c@shorteditor=\count325
\c@savedshorteditor=\count326
\c@labelname=\count327
\c@savedlabelname=\count328
\c@institution=\count329
\c@savedinstitution=\count330
\c@lista=\count331
\c@savedlista=\count332
\c@listb=\count333
\c@savedlistb=\count334
\c@listc=\count335
\c@savedlistc=\count336
\c@listd=\count337
\c@savedlistd=\count338
\c@liste=\count339
\c@savedliste=\count340
\c@listf=\count341
\c@savedlistf=\count342
\c@location=\count343
\c@savedlocation=\count344
\c@organization=\count345
\c@savedorganization=\count346
\c@origlocation=\count347
\c@savedoriglocation=\count348
\c@origpublisher=\count349
\c@savedorigpublisher=\count350
\c@publisher=\count351
\c@savedpublisher=\count352
\c@language=\count353
\c@savedlanguage=\count354
\c@origlanguage=\count355
\c@savedoriglanguage=\count356
\c@pageref=\count357
\c@savedpageref=\count358
\shorthandwidth=\skip57
\shortjournalwidth=\skip58
\shortserieswidth=\skip59
\shorttitlewidth=\skip60
\shortauthorwidth=\skip61
\shorteditorwidth=\skip62
\locallabelnumberwidth=\skip63
\locallabelalphawidth=\skip64
\localshorthandwidth=\skip65
\localshortjournalwidth=\skip66
\localshortserieswidth=\skip67
\localshorttitlewidth=\skip68
\localshortauthorwidth=\skip69
\localshorteditorwidth=\skip70
Package biblatex Info: Trying to load compatibility code...
Package biblatex Info: ... file 'blx-compat.def' found.
 (/usr/share/texlive/texmf-dist/tex/latex/biblatex/blx-compat.def
File: blx-compat.def 2019/12/01 v3.14 biblatex compatibility (PK/MW)
)
Package biblatex Info: Trying to load generic definitions...
Package biblatex Info: ... file 'biblatex.def' found.
 (/usr/share/texlive/texmf-dist/tex/latex/biblatex/biblatex.def
File: biblatex.def 2019/12/01 v3.14 biblatex compatibility (PK/MW)
\c@textcitecount=\count359
\c@textcitetotal=\count360
\c@textcitemaxnames=\count361
\c@biburlbigbreakpenalty=\count362
\c@biburlbreakpenalty=\count363
\c@biburlnumpenalty=\count364
\c@biburlucpenalty=\count365
\c@biburllcpenalty=\count366
\biburlbigskip=\muskip17
\biburlnumskip=\muskip18
\biburlucskip=\muskip19
\biburllcskip=\muskip20
\c@smartand=\count367
)
Package biblatex Info: Trying to load bibliography style 'authoryear'...
Package biblatex Info: ... file 'authoryear.bbx' found.
 (/usr/share/texlive/texmf-dist/tex/latex/biblatex/bbx/authoryear.bbx
File: authoryear.bbx 2019/12/01 v3.14 biblatex bibliography style (PK/MW)
Package biblatex Info: Trying to load bibliography style 'standard'...
Package biblatex Info: ... file 'standard.bbx' found.
 (/usr/share/texlive/texmf-dist/tex/latex/biblatex/bbx/standard.bbx
File: standard.bbx 2019/12/01 v3.14 biblatex bibliography style (PK/MW)
\c@bbx:relatedcount=\count368
\c@bbx:relatedtotal=\count369
))
Package biblatex Info: Trying to load citation style 'authoryear'...
Package biblatex Info: ... file 'authoryear.cbx' found.
 (/usr/share/texlive/texmf-dist/tex/latex/biblatex/cbx/authoryear.cbx
File: authoryear.cbx 2019/12/01 v3.14 biblatex citation style (PK/MW)
Package biblatex Info: Redefining '\cite'.
Package biblatex Info: Redefining '\parencite'.
Package biblatex Info: Redefining '\footcite'.
Package biblatex Info: Redefining '\footcitetext'.
Package biblatex Info: Redefining '\smartcite'.
Package biblatex Info: Redefining '\textcite'.
Package biblatex Info: Redefining '\textcites'.
)
Package biblatex Info: Trying to load configuration file...
Package biblatex Info: ... file 'biblatex.cfg' found.
 (/usr/share/texlive/texmf-dist/tex/latex/biblatex/biblatex.cfg
File: biblatex.cfg 
)) (/usr/share/texlive/texmf-dist/tex/latex/setspace/setspace.sty
Package: setspace 2011/12/19 v6.7a set line spacing
) (/usr/share/texlive/texmf-dist/tex/latex/graphics/graphicx.sty
Package: graphicx 2019/11/30 v1.2a Enhanced LaTeX Graphics (DPC,SPQR)
 (/usr/share/texlive/texmf-dist/tex/latex/graphics/graphics.sty
Package: graphics 2019/11/30 v1.4a Standard LaTeX Graphics (DPC,SPQR)
 (/usr/share/texlive/texmf-dist/tex/latex/graphics/trig.sty
Package: trig 2016/01/03 v1.10 sin cos tan (DPC)
) (/usr/share/texlive/texmf-dist/tex/latex/graphics-cfg/graphics.cfg
File: graphics.cfg 2016/06/04 v1.11 sample graphics configuration
)
Package graphics Info: Driver file: pdftex.def on input line 105.
 (/usr/share/texlive/texmf-dist/tex/latex/graphics-def/pdftex.def
File: pdftex.def 2018/01/08 v1.0l Graphics/color driver for pdftex
))
\Gin@req@height=\dimen143
\Gin@req@width=\dimen144
) (/usr/share/texlive/texmf-dist/tex/latex/amsmath/amsmath.sty
Package: amsmath 2020/01/20 v2.17e AMS math features
\@mathmargin=\skip71

For additional information on amsmath, use the `?' option.
(/usr/share/texlive/texmf-dist/tex/latex/amsmath/amstext.sty
Package: amstext 2000/06/29 v2.01 AMS text
 (/usr/share/texlive/texmf-dist/tex/latex/amsmath/amsgen.sty
File: amsgen.sty 1999/11/30 v2.0 generic functions
\@emptytoks=\toks18
\ex@=\dimen145
)) (/usr/share/texlive/texmf-dist/tex/latex/amsmath/amsbsy.sty
Package: amsbsy 1999/11/29 v1.2d Bold Symbols
\pmbraise@=\dimen146
) (/usr/share/texlive/texmf-dist/tex/latex/amsmath/amsopn.sty
Package: amsopn 2016/03/08 v2.02 operator names
)
\inf@bad=\count370
LaTeX Info: Redefining \frac on input line 227.
\uproot@=\count371
\leftroot@=\count372
LaTeX Info: Redefining \overline on input line 389.
\classnum@=\count373
\DOTSCASE@=\count374
LaTeX Info: Redefining \ldots on input line 486.
LaTeX Info: Redefining \dots on input line 489.
LaTeX Info: Redefining \cdots on input line 610.
\Mathstrutbox@=\box45
\strutbox@=\box46
\big@size=\dimen147
LaTeX Font Info:    Redeclaring font encoding OML on input line 733.
LaTeX Font Info:    Redeclaring font encoding OMS on input line 734.
\macc@depth=\count375
\c@MaxMatrixCols=\count376
\dotsspace@=\muskip21
\c@parentequation=\count377
\dspbrk@lvl=\count378
\tag@help=\toks19
\row@=\count379
\column@=\count380
\maxfields@=\count381
\andhelp@=\toks20
\eqnshift@=\dimen148
\alignsep@=\dimen149
\tagshift@=\dimen150
\tagwidth@=\dimen151
\totwidth@=\dimen152
\lineht@=\dimen153
\@envbody=\toks21
\multlinegap=\skip72
\multlinetaggap=\skip73
\mathdisplay@stack=\toks22
LaTeX Info: Redefining \[ on input line 2859.
LaTeX Info: Redefining \] on input line 2860.
) (/usr/share/texlive/texmf-dist/tex/latex/fancyhdr/fancyhdr.sty
Package: fancyhdr 2019/01/31 v3.10 Extensive control of page headers and footers
\f@nch@headwidth=\skip74
\f@nch@O@elh=\skip75
\f@nch@O@erh=\skip76
\f@nch@O@olh=\skip77
\f@nch@O@orh=\skip78
\f@nch@O@elf=\skip79
\f@nch@O@erf=\skip80
\f@nch@O@olf=\skip81
\f@nch@O@orf=\skip82
) (/usr/share/texlive/texmf-dist/tex/latex/hyperref/hyperref.sty
Package: hyperref 2020/01/14 v7.00d Hypertext links for LaTeX
 (/usr/share/texlive/texmf-dist/tex/generic/kvdefinekeys/kvdefinekeys.sty
Package: kvdefinekeys 2019-12-19 v1.6 Define keys (HO)
) (/usr/share/texlive/texmf-dist/tex/generic/pdfescape/pdfescape.sty
Package: pdfescape 2019/12/09 v1.15 Implements pdfTeX's escape features (HO)
) (/usr/share/texlive/texmf-dist/tex/latex/hycolor/hycolor.sty
Package: hycolor 2020-01-27 v1.10 Color options for hyperref/bookmark (HO)
) (/usr/share/texlive/texmf-dist/tex/latex/letltxmacro/letltxmacro.sty
Package: letltxmacro 2019/12/03 v1.6 Let assignment for LaTeX macros (HO)
) (/usr/share/texlive/texmf-dist/tex/latex/auxhook/auxhook.sty
Package: auxhook 2019-12-17 v1.6 Hooks for auxiliary files (HO)
)
\@linkdim=\dimen154
\Hy@linkcounter=\count382
\Hy@pagecounter=\count383
 (/usr/share/texlive/texmf-dist/tex/latex/hyperref/pd1enc.def
File: pd1enc.def 2020/01/14 v7.00d Hyperref: PDFDocEncoding definition (HO)
Now handling font encoding PD1 ...
... no UTF-8 mapping file for font encoding PD1
) (/usr/share/texlive/texmf-dist/tex/generic/intcalc/intcalc.sty
Package: intcalc 2019/12/15 v1.3 Expandable calculations with integers (HO)
) (/usr/share/texlive/texmf-dist/tex/generic/etexcmds/etexcmds.sty
Package: etexcmds 2019/12/15 v1.7 Avoid name clashes with e-TeX commands (HO)
)
\Hy@SavedSpaceFactor=\count384
\pdfmajorversion=\count385
Package hyperref Info: Option `colorlinks' set `true' on input line 4421.
Package hyperref Info: Hyper figures OFF on input line 4547.
Package hyperref Info: Link nesting OFF on input line 4552.
Package hyperref Info: Hyper index ON on input line 4555.
Package hyperref Info: Plain pages OFF on input line 4562.
Package hyperref Info: Backreferencing OFF on input line 4567.
Package hyperref Info: Implicit mode ON; LaTeX internals redefined.
Package hyperref Info: Bookmarks ON on input line 4800.
\c@Hy@tempcnt=\count386
LaTeX Info: Redefining \url on input line 5159.
\XeTeXLinkMargin=\dimen155
 (/usr/share/texlive/texmf-dist/tex/generic/bitset/bitset.sty
Package: bitset 2019/12/09 v1.3 Handle bit-vector datatype (HO)
 (/usr/share/texlive/texmf-dist/tex/generic/bigintcalc/bigintcalc.sty
Package: bigintcalc 2019/12/15 v1.5 Expandable calculations on big integers (HO)
))
\Fld@menulength=\count387
\Field@Width=\dimen156
\Fld@charsize=\dimen157
Package hyperref Info: Hyper figures OFF on input line 6430.
Package hyperref Info: Link nesting OFF on input line 6435.
Package hyperref Info: Hyper index ON on input line 6438.
Package hyperref Info: backreferencing OFF on input line 6445.
Package hyperref Info: Link coloring ON on input line 6448.
Package hyperref Info: Link coloring with OCG OFF on input line 6455.
Package hyperref Info: PDF/A mode OFF on input line 6460.
LaTeX Info: Redefining \ref on input line 6500.
LaTeX Info: Redefining \pageref on input line 6504.
 (/usr/share/texlive/texmf-dist/tex/generic/atbegshi/atbegshi.sty
Package: atbegshi 2019/12/05 v1.19 At begin shipout hook (HO)
)
\Hy@abspage=\count388
\c@Item=\count389
\c@Hfootnote=\count390
)
Package hyperref Info: Driver (autodetected): hpdftex.
 (/usr/share/texlive/texmf-dist/tex/latex/hyperref/hpdftex.def
File: hpdftex.def 2020/01/14 v7.00d Hyperref driver for pdfTeX
 (/usr/share/texlive/texmf-dist/tex/latex/atveryend/atveryend.sty
Package: atveryend 2019-12-11 v1.11 Hooks at the very end of document (HO)
)
\Fld@listcount=\count391
\c@bookmark@seq@number=\count392
 (/usr/share/texlive/texmf-dist/tex/latex/rerunfilecheck/rerunfilecheck.sty
Package: rerunfilecheck 2019/12/05 v1.9 Rerun checks for auxiliary files (HO)
 (/usr/share/texlive/texmf-dist/tex/generic/uniquecounter/uniquecounter.sty
Package: uniquecounter 2019/12/15 v1.4 Provide unlimited unique counter (HO)
)
Package uniquecounter Info: New unique counter `rerunfilecheck' on input line 286.
)
\Hy@SectionHShift=\skip83
) (/usr/share/texlive/texmf-dist/tex/latex/xcolor/xcolor.sty
Package: xcolor 2016/05/11 v2.12 LaTeX color extensions (UK)
 (/usr/share/texlive/texmf-dist/tex/latex/graphics-cfg/color.cfg
File: color.cfg 2016/01/02 v1.6 sample color configuration
)
Package xcolor Info: Driver file: pdftex.def on input line 225.
Package xcolor Info: Model `cmy' substituted by `cmy0' on input line 1348.
Package xcolor Info: Model `hsb' substituted by `rgb' on input line 1352.
Package xcolor Info: Model `RGB' extended on input line 1364.
Package xcolor Info: Model `HTML' substituted by `rgb' on input line 1366.
Package xcolor Info: Model `Hsb' substituted by `hsb' on input line 1367.
Package xcolor Info: Model `tHsb' substituted by `hsb' on input line 1368.
Package xcolor Info: Model `HSB' substituted by `hsb' on input line 1369.
Package xcolor Info: Model `Gray' substituted by `gray' on input line 1370.
Package xcolor Info: Model `wave' substituted by `hsb' on input line 1371.
 (/usr/share/texlive/texmf-dist/tex/latex/graphics/dvipsnam.def
File: dvipsnam.def 2016/06/17 v3.0m Driver-dependent file (DPC,SPQR)
)) (/usr/share/texlive/texmf-dist/tex/latex/amsfonts/amsfonts.sty
Package: amsfonts 2013/01/14 v3.01 Basic AMSFonts support
\symAMSa=\mathgroup4
\symAMSb=\mathgroup5
LaTeX Font Info:    Redeclaring math symbol \hbar on input line 98.
LaTeX Font Info:    Overwriting math alphabet `\mathfrak' in version `bold'
(Font)                  U/euf/m/n --> U/euf/b/n on input line 106.
) (/usr/share/texlive/texmf-dist/tex/latex/amsfonts/amssymb.sty
Package: amssymb 2013/01/14 v3.01 AMS font symbols
) (/usr/share/texlive/texmf-dist/tex/latex/tocloft/tocloft.sty
Package: tocloft 2017/08/31 v2.3i parameterised ToC, etc., typesetting
Package tocloft Info: The document has chapter divisions on input line 51.
\cftparskip=\skip84
\cftbeforetoctitleskip=\skip85
\cftaftertoctitleskip=\skip86
\cftbeforepartskip=\skip87
\cftpartnumwidth=\skip88
\cftpartindent=\skip89
\cftbeforechapskip=\skip90
\cftchapindent=\skip91
\cftchapnumwidth=\skip92
\cftbeforesecskip=\skip93
\cftsecindent=\skip94
\cftsecnumwidth=\skip95
\cftbeforesubsecskip=\skip96
\cftsubsecindent=\skip97
\cftsubsecnumwidth=\skip98
\cftbeforesubsubsecskip=\skip99
\cftsubsubsecindent=\skip100
\cftsubsubsecnumwidth=\skip101
\cftbeforeparaskip=\skip102
\cftparaindent=\skip103
\cftparanumwidth=\skip104
\cftbeforesubparaskip=\skip105
\cftsubparaindent=\skip106
\cftsubparanumwidth=\skip107
\cftbeforeloftitleskip=\skip108
\cftafterloftitleskip=\skip109
\cftbeforefigskip=\skip110
\cftfigindent=\skip111
\cftfignumwidth=\skip112
\c@lofdepth=\count393
\c@lotdepth=\count394
\cftbeforelottitleskip=\skip113
\cftafterlottitleskip=\skip114
\cftbeforetabskip=\skip115
\cfttabindent=\skip116
\cfttabnumwidth=\skip117
) (/usr/share/texlive/texmf-dist/tex/latex/subfig/subfig.sty
Package: subfig 2005/06/28 ver: 1.3 subfig package
 (/usr/share/texlive/texmf-dist/tex/latex/caption/caption.sty
Package: caption 2020/01/03 v3.4h Customizing captions (AR)
 (/usr/share/texlive/texmf-dist/tex/latex/caption/caption3.sty
Package: caption3 2020/01/03 v1.8h caption3 kernel (AR)
Package caption3 Info: TeX engine: e-TeX on input line 61.
\captionmargin=\dimen158
\captionmargin@=\dimen159
\captionwidth=\dimen160
\caption@tempdima=\dimen161
\caption@indent=\dimen162
\caption@parindent=\dimen163
\caption@hangindent=\dimen164
Package caption Info: Standard document class detected.
)
\c@caption@flags=\count395
\c@continuedfloat=\count396
Package caption Info: hyperref package is loaded.
)
\c@KVtest=\count397
\sf@farskip=\skip118
\sf@captopadj=\dimen165
\sf@capskip=\skip119
\sf@nearskip=\skip120
\c@subfigure=\count398
\c@subfigure@save=\count399
\c@subtable=\count400
\c@subtable@save=\count401
\sf@top=\skip121
\sf@bottom=\skip122
) (/usr/share/texlive/texmf-dist/tex/latex/adjustbox/adjustbox.sty
Package: adjustbox 2019/01/04 v1.2 Adjusting TeX boxes (trim, clip, ...)
 (/usr/share/texlive/texmf-dist/tex/latex/xkeyval/xkeyval.sty
Package: xkeyval 2014/12/03 v2.7a package option processing (HA)
 (/usr/share/texlive/texmf-dist/tex/generic/xkeyval/xkeyval.tex (/usr/share/texlive/texmf-dist/tex/generic/xkeyval/xkvutils.tex
\XKV@toks=\toks23
\XKV@tempa@toks=\toks24
)
\XKV@depth=\count402
File: xkeyval.tex 2014/12/03 v2.7a key=value parser (HA)
)) (/usr/share/texlive/texmf-dist/tex/latex/adjustbox/adjcalc.sty
Package: adjcalc 2012/05/16 v1.1 Provides advanced setlength with multiple back-ends (calc, etex, pgfmath)
) (/usr/share/texlive/texmf-dist/tex/latex/adjustbox/trimclip.sty
Package: trimclip 2018/04/08 v1.1 Trim and clip general TeX material
 (/usr/share/texlive/texmf-dist/tex/latex/collectbox/collectbox.sty
Package: collectbox 2012/05/17 v0.4b Collect macro arguments as boxes
\collectedbox=\box47
)
\tc@llx=\dimen166
\tc@lly=\dimen167
\tc@urx=\dimen168
\tc@ury=\dimen169
Package trimclip Info: Using driver 'tc-pdftex.def'.
 (/usr/share/texlive/texmf-dist/tex/latex/adjustbox/tc-pdftex.def
File: tc-pdftex.def 2019/01/04 v2.2 Clipping driver for pdftex
))
\adjbox@Width=\dimen170
\adjbox@Height=\dimen171
\adjbox@Depth=\dimen172
\adjbox@Totalheight=\dimen173
\adjbox@pwidth=\dimen174
\adjbox@pheight=\dimen175
\adjbox@pdepth=\dimen176
\adjbox@ptotalheight=\dimen177
 (/usr/share/texlive/texmf-dist/tex/latex/ifoddpage/ifoddpage.sty
Package: ifoddpage 2016/04/23 v1.1 Conditionals for odd/even page detection
\c@checkoddpage=\count403
) (/usr/share/texlive/texmf-dist/tex/latex/varwidth/varwidth.sty
Package: varwidth 2009/03/30 ver 0.92;  Variable-width minipages
\@vwid@box=\box48
\sift@deathcycles=\count404
\@vwid@loff=\dimen178
\@vwid@roff=\dimen179
)) (/usr/share/texlive/texmf-dist/tex/latex/base/textcomp.sty
Package: textcomp 2020/02/02 v2.0n Standard LaTeX package
) (/usr/share/texlive/texmf-dist/tex/latex/subfiles/subfiles.sty
Package: subfiles 2020/02/14 v1.6 Multi-file projects (package)
 (/usr/share/texlive/texmf-dist/tex/latex/import/import.sty
Package: import 2009/03/23  v 5.1
)) (/usr/share/texlive/texmf-dist/tex/latex/was/gensymb.sty
Package: gensymb 2003/07/02 v1.0 (WaS)
) (/usr/share/texlive/texmf-dist/tex/latex/titlesec/titlesec.sty
Package: titlesec 2019/10/16 v2.13 Sectioning titles
\ttl@box=\box49
\beforetitleunit=\skip123
\aftertitleunit=\skip124
\ttl@plus=\dimen180
\ttl@minus=\dimen181
\ttl@toksa=\toks25
\titlewidth=\dimen182
\titlewidthlast=\dimen183
\titlewidthfirst=\dimen184
) (/usr/share/texlive/texmf-dist/tex/latex/float/float.sty
Package: float 2001/11/08 v1.3d Float enhancements (AL)
\c@float@type=\count405
\float@exts=\toks26
\float@box=\box50
\@float@everytoks=\toks27
\@floatcapt=\box51
) (/usr/share/texlive/texmf-dist/tex/latex/placeins/placeins.sty
Package: placeins 2005/04/18  v 2.2
) (/usr/share/texlive/texmf-dist/tex/latex/enumitem/enumitem.sty
Package: enumitem 2019/06/20 v3.9 Customized lists
\labelindent=\skip125
\enit@outerparindent=\dimen185
\enit@toks=\toks28
\enit@inbox=\box52
\enit@count@id=\count406
\enitdp@description=\count407
) (/usr/share/texlive/texmf-dist/tex/latex/csquotes/csquotes.sty
Package: csquotes 2019-12-06 v5.2j context-sensitive quotations (JAW)
\csq@reset=\count408
\csq@gtype=\count409
\csq@glevel=\count410
\csq@qlevel=\count411
\csq@maxlvl=\count412
\csq@tshold=\count413
\csq@ltx@everypar=\toks29
 (/usr/share/texlive/texmf-dist/tex/latex/csquotes/csquotes.def
File: csquotes.def 2019-12-06 v5.2j csquotes generic definitions (JAW)
)
Package csquotes Info: Trying to load configuration file 'csquotes.cfg'...
Package csquotes Info: ... configuration file loaded successfully.
 (/usr/share/texlive/texmf-dist/tex/latex/csquotes/csquotes.cfg
File: csquotes.cfg 
)) (/usr/share/texlive/texmf-dist/tex/latex/tools/xspace.sty
Package: xspace 2014/10/28 v1.13 Space after command names (DPC,MH)
) (/usr/share/texlive/texmf-dist/tex/latex/appendix/appendix.sty
Package: appendix 2020/02/08 v1.2c extra appendix facilities
\c@@pps=\count414
\c@@ppsavesec=\count415
\c@@ppsaveapp=\count416
) (/usr/share/texlive/texmf-dist/tex/latex/multirow/multirow.sty
Package: multirow 2019/05/31 v2.5 Span multiple rows of a table
\multirow@colwidth=\skip126
\multirow@cntb=\count417
\multirow@dima=\skip127
\bigstrutjot=\dimen186
) (/usr/share/texlive/texmf-dist/tex/latex/tools/tabularx.sty
Package: tabularx 2020/01/15 v2.11c `tabularx' package (DPC)
 (/usr/share/texlive/texmf-dist/tex/latex/tools/array.sty
Package: array 2019/08/31 v2.4l Tabular extension package (FMi)
\col@sep=\dimen187
\ar@mcellbox=\box53
\extrarowheight=\dimen188
\NC@list=\toks30
\extratabsurround=\skip128
\backup@length=\skip129
\ar@cellbox=\box54
)
\TX@col@width=\dimen189
\TX@old@table=\dimen190
\TX@old@col=\dimen191
\TX@target=\dimen192
\TX@delta=\dimen193
\TX@cols=\count418
\TX@ftn=\toks31
) (/usr/share/texlive/texmf-dist/tex/latex/colortbl/colortbl.sty
Package: colortbl 2020/01/04 v1.0e Color table columns (DPC)
\everycr=\toks32
\minrowclearance=\skip130
) (/usr/share/texlive/texmf-dist/tex/latex/base/fontenc.sty
Package: fontenc 2020/02/11 v2.0o Standard LaTeX package
) (/usr/share/texlive/texmf-dist/tex/latex/tools/xr.sty
Package: xr 2019/07/22 v5.05 eXternal References (DPC)
)
   defining Unicode char U+2212 (decimal 8722)
Package csquotes Info: Checking for multilingual support...
Package csquotes Info: ... none found.
 (/usr/share/texlive/texmf-dist/tex/latex/l3backend/l3backend-pdfmode.def
File: l3backend-pdfmode.def 2020-02-03 L3 backend support: PDF mode
\l__kernel_color_stack_int=\count419
\l__pdf_internal_box=\box55
) (./main.aux

LaTeX Warning: Label `dipole_1000Hz' multiply defined.

)
\openout1 = `main.aux'.

LaTeX Font Info:    Checking defaults for OML/cmm/m/it on input line 56.
LaTeX Font Info:    ... okay on input line 56.
LaTeX Font Info:    Checking defaults for OMS/cmsy/m/n on input line 56.
LaTeX Font Info:    ... okay on input line 56.
LaTeX Font Info:    Checking defaults for OT1/cmr/m/n on input line 56.
LaTeX Font Info:    ... okay on input line 56.
LaTeX Font Info:    Checking defaults for T1/cmr/m/n on input line 56.
LaTeX Font Info:    ... okay on input line 56.
LaTeX Font Info:    Checking defaults for TS1/cmr/m/n on input line 56.
LaTeX Font Info:    ... okay on input line 56.
LaTeX Font Info:    Checking defaults for OMX/cmex/m/n on input line 56.
LaTeX Font Info:    ... okay on input line 56.
LaTeX Font Info:    Checking defaults for U/cmr/m/n on input line 56.
LaTeX Font Info:    ... okay on input line 56.
LaTeX Font Info:    Checking defaults for PD1/pdf/m/n on input line 56.
LaTeX Font Info:    ... okay on input line 56.

*geometry* driver: auto-detecting
*geometry* detected driver: pdftex
*geometry* verbose mode - [ preamble ] result:
* driver: pdftex
* paper: a4paper
* layout: <same size as paper>
* layoutoffset:(h,v)=(0.0pt,0.0pt)
* bindingoffset: 21.68121pt
* modes: twoside 
* h-part:(L,W,R)=(72.26999pt, 431.28668pt, 72.26999pt)
* v-part:(T,H,B)=(56.9055pt, 759.6886pt, 28.45274pt)
* \paperwidth=597.50787pt
* \paperheight=845.04684pt
* \textwidth=431.28668pt
* \textheight=679.6886pt
* \oddsidemargin=21.68121pt
* \evensidemargin=0.0pt
* \topmargin=-47.23828pt
* \headheight=20.0pt
* \headsep=19.8738pt
* \topskip=12.0pt
* \footskip=56.9055pt
* \marginparwidth=98.0pt
* \marginparsep=7.0pt
* \columnsep=10.0pt
* \skip\footins=10.8pt plus 4.0pt minus 2.0pt
* \hoffset=0.0pt
* \voffset=0.0pt
* \mag=1000
* \@twocolumnfalse
* \@twosidetrue
* \@mparswitchtrue
* \@reversemarginfalse
* (1in=72.27pt=25.4mm, 1cm=28.453pt)

Package biblatex Info: Trying to load language 'english'...
Package biblatex Info: ... file 'english.lbx' found.
(/usr/share/texlive/texmf-dist/tex/latex/biblatex/lbx/english.lbx
File: english.lbx 2019/12/01 v3.14 biblatex localization (PK/MW)
)
Package biblatex Info: Input encoding 'utf8' detected.
Package biblatex Info: Automatic encoding selection.
(biblatex)             Assuming data encoding 'utf8'.
\openout3 = `main.bcf'.

Package biblatex Info: Trying to load bibliographic data...
Package biblatex Info: ... file 'main.bbl' found.
 (./main.bbl

Package biblatex Warning: The following entry could not be found
(biblatex)                in the database:
(biblatex)                healpix
(biblatex)                Please verify the spelling and rerun
(biblatex)                LaTeX afterwards.


Package biblatex Warning: The following entry could not be found
(biblatex)                in the database:
(biblatex)                todo
(biblatex)                Please verify the spelling and rerun
(biblatex)                LaTeX afterwards.


Package biblatex Warning: The following entry could not be found
(biblatex)                in the database:
(biblatex)                todo satyaprakash
(biblatex)                Please verify the spelling and rerun
(biblatex)                LaTeX afterwards.

)
Package biblatex Info: Reference section=0 on input line 56.
Package biblatex Info: Reference segment=0 on input line 56.
 (/usr/share/texlive/texmf-dist/tex/context/base/mkii/supp-pdf.mkii
[Loading MPS to PDF converter (version 2006.09.02).]
\scratchcounter=\count420
\scratchdimen=\dimen194
\scratchbox=\box56
\nofMPsegments=\count421
\nofMParguments=\count422
\everyMPshowfont=\toks33
\MPscratchCnt=\count423
\MPscratchDim=\dimen195
\MPnumerator=\count424
\makeMPintoPDFobject=\count425
\everyMPtoPDFconversion=\toks34
) (/usr/share/texlive/texmf-dist/tex/latex/epstopdf-pkg/epstopdf-base.sty
Package: epstopdf-base 2020-01-24 v2.11 Base part for package epstopdf
Package epstopdf-base Info: Redefining graphics rule for `.eps' on input line 485.
 (/usr/share/texlive/texmf-dist/tex/latex/latexconfig/epstopdf-sys.cfg
File: epstopdf-sys.cfg 2010/07/13 v1.3 Configuration of (r)epstopdf for TeX Live
))
\AtBeginShipoutBox=\box57
Package hyperref Info: Link coloring ON on input line 56.
 (/usr/share/texlive/texmf-dist/tex/latex/hyperref/nameref.sty
Package: nameref 2019/09/16 v2.46 Cross-referencing by name of section
 (/usr/share/texlive/texmf-dist/tex/latex/refcount/refcount.sty
Package: refcount 2019/12/15 v3.6 Data extraction from label references (HO)
) (/usr/share/texlive/texmf-dist/tex/generic/gettitlestring/gettitlestring.sty
Package: gettitlestring 2019/12/15 v1.6 Cleanup title references (HO)
)
\c@section@level=\count426
)
LaTeX Info: Redefining \ref on input line 56.
LaTeX Info: Redefining \pageref on input line 56.
LaTeX Info: Redefining \nameref on input line 56.
 (./main.out) (./main.out)
\@outlinefile=\write4
\openout4 = `main.out'.

Package caption Info: Begin \AtBeginDocument code.
Package caption Info: subfig package v1.3 is loaded.
Package caption Info: float package is loaded.
Package caption Info: End \AtBeginDocument code.
\symgns@font=\mathgroup6
LaTeX Font Info:    Overwriting symbol font `gns@font' in version `bold'
(Font)                  TS1/cmr/m/n --> TS1/cmr/b/n on input line 56.
Package gensymb Info: Math companion symbols declared on input line 56.
LaTeX Info: Redefining \degree on input line 56.
LaTeX Info: Redefining \celsius on input line 56.
Package gensymb Info: Using text companion symbols for \degree, \celsius and \perthousand on input line 56.
LaTeX Info: Redefining \ohm on input line 56.
Package gensymb Info: Using \textohm for \ohm on input line 56.
Package gensymb Info: Using \textmu for \micro on input line 56.
 (./abstract.tex
LaTeX Font Info:    Trying to load font information for U+msa on input line 1.
 (/usr/share/texlive/texmf-dist/tex/latex/amsfonts/umsa.fd
File: umsa.fd 2013/01/14 v3.01 AMS symbols A
)
LaTeX Font Info:    Trying to load font information for U+msb on input line 1.
 (/usr/share/texlive/texmf-dist/tex/latex/amsfonts/umsb.fd
File: umsb.fd 2013/01/14 v3.01 AMS symbols B
)
LaTeX Font Info:    Trying to load font information for T1+cmtt on input line 1.
 (/usr/share/texlive/texmf-dist/tex/latex/base/t1cmtt.fd
File: t1cmtt.fd 2019/12/16 v2.5j Standard LaTeX font definitions
)) [1


{/var/lib/texmf/fonts/map/pdftex/updmap/pdftex.map}] [2

] (./main.toc [3])
\tf@toc=\write5
\openout5 = `main.toc'.

 [4]
\chaptername  1.
(./introduction.tex [5

])

Package Fancyhdr Warning: \headheight is too small (20.0pt): 
Make it at least 21.69785pt.
We now make it that large for the rest of the document.
This may cause the page layout to be inconsistent, however.

[6]
\chaptername  2.
(./gw.tex [7

] [8]
<Images/polarisations.png, id=280, 745.78625pt x 418.56375pt>
File: Images/polarisations.png Graphic file (type png)
<use Images/polarisations.png>
Package pdftex.def Info: Images/polarisations.png  used on input line 132.
(pdftex.def)             Requested size: 172.51204pt x 96.8169pt.
 [9 <./Images/polarisations.png>] [10] [11]
<Images/waveform_van_holten.PNG, id=330, 366.24329pt x 147.55125pt>
File: Images/waveform_van_holten.PNG Graphic file (type png)
<use Images/waveform_van_holten.PNG>
Package pdftex.def Info: Images/waveform_van_holten.PNG  used on input line 324.
(pdftex.def)             Requested size: 431.28668pt x 173.76672pt.
 [12]
Underfull \vbox (badness 10000) has occurred while \output is active []

 [13 <./Images/waveform_van_holten.PNG>] [14]
<Images/Capurri_GW_Background_monopole_sources.png, id=378, 728.7225pt x 573.14125pt>
File: Images/Capurri_GW_Background_monopole_sources.png Graphic file (type png)
<use Images/Capurri_GW_Background_monopole_sources.png>
Package pdftex.def Info: Images/Capurri_GW_Background_monopole_sources.png  used on input line 410.
(pdftex.def)             Requested size: 301.89935pt x 237.43814pt.
<Images/waveform_abbott_complete.png, id=381, 861.2175pt x 827.09pt>
File: Images/waveform_abbott_complete.png Graphic file (type png)
<use Images/waveform_abbott_complete.png>
Package pdftex.def Info: Images/waveform_abbott_complete.png  used on input line 419.
(pdftex.def)             Requested size: 301.89935pt x 289.94016pt.


LaTeX Warning: `h' float specifier changed to `ht'.

[15 <./Images/Capurri_GW_Background_monopole_sources.png>]

Package hyperref Warning: The anchor of a bookmark and its parent's must not
(hyperref)                be the same. Added a new anchor on input line 435.


Underfull \vbox (badness 10000) has occurred while \output is active []

 [16 <./Images/waveform_abbott_complete.png>] [17] [18]) [19]
\chaptername  3.
(./frequency.tex [20

]
<Images/IMR_figure.png, id=472, 486.81876pt x 246.9225pt>
File: Images/IMR_figure.png Graphic file (type png)
<use Images/IMR_figure.png>
Package pdftex.def Info: Images/IMR_figure.png  used on input line 38.
(pdftex.def)             Requested size: 215.64334pt x 109.37717pt.

Overfull \hbox (13.18483pt too wide) in paragraph at lines 60--67
 [] 
 []

[21 <./Images/IMR_figure.png>]
<Images/dE_df_of_f.png, id=487, 462.528pt x 346.896pt>
File: Images/dE_df_of_f.png Graphic file (type png)
<use Images/dE_df_of_f.png>
Package pdftex.def Info: Images/dE_df_of_f.png  used on input line 104.
(pdftex.def)             Requested size: 431.28668pt x 323.4833pt.
 [22 <./Images/dE_df_of_f.png>]
<Images/E_spectrum_z_1Hz.png, id=499, 462.528pt x 346.896pt>
File: Images/E_spectrum_z_1Hz.png Graphic file (type png)
<use Images/E_spectrum_z_1Hz.png>
Package pdftex.def Info: Images/E_spectrum_z_1Hz.png  used on input line 128.
(pdftex.def)             Requested size: 213.39566pt x 160.05048pt.
<Images/E_spectrum_z_10Hz.png, id=501, 462.528pt x 346.896pt>
File: Images/E_spectrum_z_10Hz.png Graphic file (type png)
<use Images/E_spectrum_z_10Hz.png>
Package pdftex.def Info: Images/E_spectrum_z_10Hz.png  used on input line 131.
(pdftex.def)             Requested size: 213.39566pt x 160.05048pt.

Overfull \hbox (3.33606pt too wide) in paragraph at lines 128--132
 [][][][] 
 []

<Images/E_spectrum_z_100Hz.png, id=503, 462.528pt x 346.896pt>
File: Images/E_spectrum_z_100Hz.png Graphic file (type png)
<use Images/E_spectrum_z_100Hz.png>
Package pdftex.def Info: Images/E_spectrum_z_100Hz.png  used on input line 135.
(pdftex.def)             Requested size: 213.39566pt x 160.05048pt.
<Images/E_spectrum_z_1000Hz.png, id=505, 462.528pt x 346.896pt>
File: Images/E_spectrum_z_1000Hz.png Graphic file (type png)
<use Images/E_spectrum_z_1000Hz.png>
Package pdftex.def Info: Images/E_spectrum_z_1000Hz.png  used on input line 138.
(pdftex.def)             Requested size: 213.39566pt x 160.05048pt.

Overfull \hbox (3.33606pt too wide) in paragraph at lines 135--139
 [][][][] 
 []


Underfull \vbox (badness 2856) has occurred while \output is active []

 [23 <./Images/E_spectrum_z_1Hz.png> <./Images/E_spectrum_z_10Hz.png> <./Images/E_spectrum_z_100Hz.png> <./Images/E_spectrum_z_1000Hz.png>] [24]
<Images/sfr_of_v.png, id=551, 462.528pt x 346.896pt>
File: Images/sfr_of_v.png Graphic file (type png)
<use Images/sfr_of_v.png>
Package pdftex.def Info: Images/sfr_of_v.png  used on input line 195.
(pdftex.def)             Requested size: 431.28668pt x 323.4833pt.

Underfull \vbox (badness 5331) has occurred while \output is active []

 [25 <./Images/sfr_of_v.png>] [26]
<Images/HMF_diff_z.png, id=583, 462.528pt x 346.896pt>
File: Images/HMF_diff_z.png Graphic file (type png)
<use Images/HMF_diff_z.png>
Package pdftex.def Info: Images/HMF_diff_z.png  used on input line 304.
(pdftex.def)             Requested size: 388.15538pt x 291.13127pt.
<Images/HMF_diff_delta.png, id=585, 462.528pt x 346.896pt>
File: Images/HMF_diff_delta.png Graphic file (type png)
<use Images/HMF_diff_delta.png>
Package pdftex.def Info: Images/HMF_diff_delta.png  used on input line 313.
(pdftex.def)             Requested size: 213.39566pt x 160.05048pt.
<Images/HMF.png, id=587, 462.528pt x 346.896pt>
File: Images/HMF.png Graphic file (type png)
<use Images/HMF.png>
Package pdftex.def Info: Images/HMF.png  used on input line 316.
(pdftex.def)             Requested size: 213.39566pt x 160.05048pt.

Overfull \hbox (3.33606pt too wide) in paragraph at lines 313--317
 [][][][] 
 []

[27] [28 <./Images/HMF_diff_z.png> <./Images/HMF_diff_delta.png> <./Images/HMF.png>]
<Images/bbh_merger_rate.png, id=624, 462.528pt x 346.896pt>
File: Images/bbh_merger_rate.png Graphic file (type png)
<use Images/bbh_merger_rate.png>
Package pdftex.def Info: Images/bbh_merger_rate.png  used on input line 347.
(pdftex.def)             Requested size: 388.15538pt x 291.13127pt.
 [29]
<Images/diff_windows.png, id=635, 462.528pt x 346.896pt>
File: Images/diff_windows.png Graphic file (type png)
<use Images/diff_windows.png>
Package pdftex.def Info: Images/diff_windows.png  used on input line 377.
(pdftex.def)             Requested size: 301.89935pt x 226.4325pt.


LaTeX Warning: `h' float specifier changed to `ht'.

<Images/diff_window_z.png, id=637, 462.528pt x 346.896pt>
File: Images/diff_window_z.png Graphic file (type png)
<use Images/diff_window_z.png>
Package pdftex.def Info: Images/diff_window_z.png  used on input line 387.
(pdftex.def)             Requested size: 301.89935pt x 226.4325pt.
[30 <./Images/bbh_merger_rate.png>] [31 <./Images/diff_windows.png> <./Images/diff_window_z.png>]
<Images/window_comparison.png, id=656, 462.528pt x 346.896pt>
File: Images/window_comparison.png Graphic file (type png)
<use Images/window_comparison.png>
Package pdftex.def Info: Images/window_comparison.png  used on input line 410.
(pdftex.def)             Requested size: 345.03065pt x 258.78453pt.
<Images/window_diff_frequencies.png, id=659, 462.528pt x 346.896pt>
File: Images/window_diff_frequencies.png Graphic file (type png)
<use Images/window_diff_frequencies.png>
Package pdftex.def Info: Images/window_diff_frequencies.png  used on input line 417.
(pdftex.def)             Requested size: 431.28668pt x 323.4833pt.


LaTeX Warning: Reference `window_fct_def' on page 32 undefined on input line 440.

[32 <./Images/window_comparison.png>] [33 <./Images/window_diff_frequencies.png>]
<Images/evo_bias_test.png, id=680, 462.528pt x 346.896pt>
File: Images/evo_bias_test.png Graphic file (type png)
<use Images/evo_bias_test.png>
Package pdftex.def Info: Images/evo_bias_test.png  used on input line 465.
(pdftex.def)             Requested size: 345.03065pt x 258.78453pt.
) [34] [35 <./Images/evo_bias_test.png>]
\chaptername  4.
(./separation.tex
<Images/lvk_frequency_noise.png, id=699, 687.56876pt x 499.8675pt>
File: Images/lvk_frequency_noise.png Graphic file (type png)
<use Images/lvk_frequency_noise.png>
Package pdftex.def Info: Images/lvk_frequency_noise.png  used on input line 9.
(pdftex.def)             Requested size: 213.39566pt x 155.14037pt.
<Images/alonso_ligo_noise.png, id=702, 692.5875pt x 493.845pt>
File: Images/alonso_ligo_noise.png Graphic file (type png)
<use Images/alonso_ligo_noise.png>
Package pdftex.def Info: Images/alonso_ligo_noise.png  used on input line 16.
(pdftex.def)             Requested size: 213.39566pt x 152.15596pt.


LaTeX Warning: `h' float specifier changed to `ht'.


LaTeX Warning: Reference `lvk_frequ' on page 36 undefined on input line 22.

[36

 <./Images/lvk_frequency_noise.png>]
<Images/ET_CE_frequency_noise.png, id=713, 703.62875pt x 506.89375pt>
File: Images/ET_CE_frequency_noise.png Graphic file (type png)
<use Images/ET_CE_frequency_noise.png>
Package pdftex.def Info: Images/ET_CE_frequency_noise.png  used on input line 33.
(pdftex.def)             Requested size: 301.89935pt x 217.48825pt.
 [37 <./Images/alonso_ligo_noise.png> <./Images/ET_CE_frequency_noise.png>]
<Images/et_ce_Cl_noise.png, id=726, 699.61375pt x 505.89pt>
File: Images/et_ce_Cl_noise.png Graphic file (type png)
<use Images/et_ce_Cl_noise.png>
Package pdftex.def Info: Images/et_ce_Cl_noise.png  used on input line 42.
(pdftex.def)             Requested size: 301.89935pt x 218.30809pt.
) [38 <./Images/et_ce_Cl_noise.png>]
\chaptername  5.
(./ift.tex
Overfull \hbox (46.52257pt too wide) in paragraph at lines 19--20
[]\T1/cmr/m/n/12 It is rea-son-able to as-sume a lin-ear re-sponse from our de-tec-tor, see e.g. [].
 []


Underfull \vbox (badness 2401) has occurred while \output is active []

 [39

]
Underfull \vbox (badness 7722) has occurred while \output is active []

 [40]
<Images/recon_400Hz_1D.png, id=760, 578.16pt x 397.485pt>
File: Images/recon_400Hz_1D.png Graphic file (type png)
<use Images/recon_400Hz_1D.png>
Package pdftex.def Info: Images/recon_400Hz_1D.png  used on input line 97.
(pdftex.def)             Requested size: 213.39566pt x 146.7093pt.
<Images/residuals_400Hz_1D.png, id=762, 578.16pt x 397.485pt>
File: Images/residuals_400Hz_1D.png Graphic file (type png)
<use Images/residuals_400Hz_1D.png>
Package pdftex.def Info: Images/residuals_400Hz_1D.png  used on input line 99.
(pdftex.def)             Requested size: 213.39566pt x 146.7093pt.

Overfull \hbox (3.33606pt too wide) in paragraph at lines 97--100
 [][][][] 
 []

<Images/power_spectrum_400Hz_1D.png, id=764, 578.16pt x 397.485pt>
File: Images/power_spectrum_400Hz_1D.png Graphic file (type png)
<use Images/power_spectrum_400Hz_1D.png>
Package pdftex.def Info: Images/power_spectrum_400Hz_1D.png  used on input line 106.
(pdftex.def)             Requested size: 301.89935pt x 207.55463pt.
) [41 <./Images/recon_400Hz_1D.png> <./Images/residuals_400Hz_1D.png> <./Images/power_spectrum_400Hz_1D.png>]
\chaptername  6.
(./results.tex
<Images/C_l_frequencies.png, id=784, 469.755pt x 303.534pt>
File: Images/C_l_frequencies.png Graphic file (type png)
<use Images/C_l_frequencies.png>
Package pdftex.def Info: Images/C_l_frequencies.png  used on input line 9.
(pdftex.def)             Requested size: 431.28668pt x 278.67572pt.
<Images/dipole_frequencies_10000Hz.png, id=787, 462.528pt x 346.896pt>
File: Images/dipole_frequencies_10000Hz.png Graphic file (type png)
<use Images/dipole_frequencies_10000Hz.png>
Package pdftex.def Info: Images/dipole_frequencies_10000Hz.png  used on input line 22.
(pdftex.def)             Requested size: 345.03065pt x 258.78453pt.
 [42

] [43 <./Images/C_l_frequencies.png> <./Images/dipole_frequencies_10000Hz.png>]
<Images/dipole_frequencies.png, id=807, 361.35pt x 216.81pt>
File: Images/dipole_frequencies.png Graphic file (type png)
<use Images/dipole_frequencies.png>
Package pdftex.def Info: Images/dipole_frequencies.png  used on input line 33.
(pdftex.def)             Requested size: 227.62204pt x 136.57448pt.
<Images/lorenzo_dipole.png, id=809, 657.45625pt x 435.6275pt>
File: Images/lorenzo_dipole.png Graphic file (type png)
<use Images/lorenzo_dipole.png>
Package pdftex.def Info: Images/lorenzo_dipole.png  used on input line 36.
(pdftex.def)             Requested size: 199.16928pt x 131.9655pt.

Overfull \hbox (3.33606pt too wide) in paragraph at lines 33--37
 [][][][] 
 []

[44 <./Images/dipole_frequencies.png> <./Images/lorenzo_dipole.png>]
<Images/data_100Hz_2D.png, id=829, 94.9146pt x 68.8974pt>
File: Images/data_100Hz_2D.png Graphic file (type png)
<use Images/data_100Hz_2D.png>
Package pdftex.def Info: Images/data_100Hz_2D.png  used on input line 68.
(pdftex.def)             Requested size: 142.26378pt x 103.27538pt.
<Images/6plot_100Hz_2D.png, id=830, 578.16pt x 397.485pt>
File: Images/6plot_100Hz_2D.png Graphic file (type png)
<use Images/6plot_100Hz_2D.png>
Package pdftex.def Info: Images/6plot_100Hz_2D.png  used on input line 72.
(pdftex.def)             Requested size: 431.28668pt x 296.50575pt.

Overfull \hbox (3.91571pt too wide) in paragraph at lines 68--73
 [][] 
 []

<Images/power_spectrum_100Hz_2D.png, id=831, 578.16pt x 397.485pt>
File: Images/power_spectrum_100Hz_2D.png Graphic file (type png)
<use Images/power_spectrum_100Hz_2D.png>
Package pdftex.def Info: Images/power_spectrum_100Hz_2D.png  used on input line 79.
(pdftex.def)             Requested size: 345.03065pt x 237.20703pt.
[45 <./Images/data_100Hz_2D.png> <./Images/6plot_100Hz_2D.png>]
<Images/data_400Hz_2D.png, id=848, 97.0827pt x 70.3428pt>
File: Images/data_400Hz_2D.png Graphic file (type png)
<use Images/data_400Hz_2D.png>
Package pdftex.def Info: Images/data_400Hz_2D.png  used on input line 96.
(pdftex.def)             Requested size: 142.26378pt x 103.08388pt.
<Images/6plot_400Hz_2D.png, id=849, 578.16pt x 397.485pt>
File: Images/6plot_400Hz_2D.png Graphic file (type png)
<use Images/6plot_400Hz_2D.png>
Package pdftex.def Info: Images/6plot_400Hz_2D.png  used on input line 100.
(pdftex.def)             Requested size: 431.28668pt x 296.50575pt.

Overfull \hbox (3.91571pt too wide) in paragraph at lines 96--101
 [][] 
 []


LaTeX Warning: `h' float specifier changed to `ht'.

<Images/power_spectrum_400Hz_2D.png, id=851, 578.16pt x 397.485pt>
File: Images/power_spectrum_400Hz_2D.png Graphic file (type png)
<use Images/power_spectrum_400Hz_2D.png>
Package pdftex.def Info: Images/power_spectrum_400Hz_2D.png  used on input line 109.
(pdftex.def)             Requested size: 345.03065pt x 237.20703pt.

LaTeX Warning: `h' float specifier changed to `ht'.

[46 <./Images/power_spectrum_100Hz_2D.png>] [47 <./Images/data_400Hz_2D.png> <./Images/6plot_400Hz_2D.png>] [48 <./Images/power_spectrum_400Hz_2D.png>]
<Images/schulze_monopole.png, id=875, 760.8425pt x 539.01375pt>
File: Images/schulze_monopole.png Graphic file (type png)
<use Images/schulze_monopole.png>
Package pdftex.def Info: Images/schulze_monopole.png  used on input line 119.
(pdftex.def)             Requested size: 258.77463pt x 183.32803pt.
<Images/astro_vs_cosmo.png, id=878, 209.583pt x 157.5486pt>
File: Images/astro_vs_cosmo.png Graphic file (type png)
<use Images/astro_vs_cosmo.png>
Package pdftex.def Info: Images/astro_vs_cosmo.png  used on input line 130.
(pdftex.def)             Requested size: 258.77463pt x 194.54327pt.
 [49

 <./Images/schulze_monopole.png> <./Images/astro_vs_cosmo.png>]
<Images/data_cosmo_900Hz_2D.png, id=889, 96.8418pt x 69.1383pt>
File: Images/data_cosmo_900Hz_2D.png Graphic file (type png)
<use Images/data_cosmo_900Hz_2D.png>
Package pdftex.def Info: Images/data_cosmo_900Hz_2D.png  used on input line 145.
(pdftex.def)             Requested size: 142.26378pt x 101.58037pt.
<Images/6plot_cosmo_900Hz_2D.png, id=890, 578.16pt x 397.485pt>
File: Images/6plot_cosmo_900Hz_2D.png Graphic file (type png)
<use Images/6plot_cosmo_900Hz_2D.png>
Package pdftex.def Info: Images/6plot_cosmo_900Hz_2D.png  used on input line 149.
(pdftex.def)             Requested size: 431.28668pt x 296.50575pt.

Overfull \hbox (3.91571pt too wide) in paragraph at lines 145--150
 [][] 
 []

<Images/power_spectrum_cosmo_900Hz_2D.png, id=892, 578.16pt x 397.485pt>
File: Images/power_spectrum_cosmo_900Hz_2D.png Graphic file (type png)
<use Images/power_spectrum_cosmo_900Hz_2D.png>
Package pdftex.def Info: Images/power_spectrum_cosmo_900Hz_2D.png  used on input line 158.
(pdftex.def)             Requested size: 345.03065pt x 237.20703pt.
) [50 <./Images/data_cosmo_900Hz_2D.png> <./Images/6plot_cosmo_900Hz_2D.png>] [51 <./Images/power_spectrum_cosmo_900Hz_2D.png>]
\chaptername  7.
(./conclusion.tex [52

]) [53] (./acknowledgements.tex) [54

] [55

]
Overfull \hbox (37.47984pt too wide) in paragraph at lines 157--157
\T1/cmr/m/it/12 Back-ground in the Cos-mic Lin-ear Anisotropy Solv-ing Sys-tem\T1/cmr/m/n/12 . arXiv: [][]$\T1/cmtt/m/n/12 2305 . 01602[astro -[]
 []

[56]
Overfull \hbox (5.40492pt too wide) in paragraph at lines 157--157
\T1/cmr/m/n/12 728. \T1/cmr/m/sc/12 issn\T1/cmr/m/n/12 : 0004-637X, 1538-4357. \T1/cmr/m/sc/12 doi\T1/cmr/m/n/12 : [][]$\T1/cmtt/m/n/12 10 . 1086 / 591439$[][]\T1/cmr/m/n/12 . arXiv: [][]$\T1/cmtt/m/n/12 0803 . 2706[astro -[]
 []

(./appendices.tex [57]
Appendix A.
<Images/call_graph_section.pdf, id=1028, 1666.225pt x 477.785pt>
File: Images/call_graph_section.pdf Graphic file (type pdf)
<use Images/call_graph_section.pdf>
Package pdftex.def Info: Images/call_graph_section.pdf  used on input line 8.
(pdftex.def)             Requested size: 1666.22095pt x 477.78383pt.

Underfull \vbox (badness 10000) has occurred while \output is active []

 [58

]
Overfull \vbox (7.35437pt too high) has occurred while \output is active []

 [59 <./Images/call_graph_section.pdf>] (./main.lof
Underfull \vbox (badness 10000) has occurred while \output is active []

 [60]
Overfull \hbox (8.61504pt too wide) in paragraph at lines 101--101
 \T1/cmr/m/n/12 start-ing from \T1/cmtt/m/n/12 transfer_sources \T1/cmr/m/n/12 and \T1/cmtt/m/n/12 transfer_precompute_selection.[][] []  
 []

)
\tf@lof=\write6
\openout6 = `main.lof'.

)
Package atveryend Info: Empty hook `BeforeClearDocument' on input line 162.
 [61]
Package atveryend Info: Empty hook `AfterLastShipout' on input line 162.
 (./main.aux)
Package atveryend Info: Executing hook `AtVeryEndDocument' on input line 162.
Package atveryend Info: Executing hook `AtEndAfterFileList' on input line 162.
Package rerunfilecheck Info: File `main.out' has not changed.
(rerunfilecheck)             Checksum: B1CAF415FE10201199F7DBE9E7608422;2448.


LaTeX Warning: There were undefined references.


LaTeX Warning: There were multiply-defined labels.

Package logreq Info: Writing requests to 'main.run.xml'.
\openout1 = `main.run.xml'.

 ) 
Here is how much of TeX's memory you used:
 19604 strings out of 483140
 330642 string characters out of 5965151
 2139964 words of memory out of 5000000
 33897 multiletter control sequences out of 15000+600000
 549318 words of font info for 68 fonts, out of 8000000 for 9000
 36 hyphenation exceptions out of 8191
 60i,13n,97p,2721b,1545s stack positions out of 5000i,500n,10000p,200000b,80000s
 </home/felic/.texlive2019/texmf-var/fonts/pk/ljfour/jknappen/ec/ecti1200.600pk> </home/felic/.texlive2019/texmf-var/fonts/pk/ljfour/jknappen/ec/eccc1200.600pk> </home/felic/.texlive2019/texmf-var/fonts/pk/ljfour/jknappen/ec/ecrm1000.600pk> </home/felic/.texlive2019/texmf-var/fonts/pk/ljfour/jknappen/ec/ecbx1440.600pk> </home/felic/.texlive2019/texmf-var/fonts/pk/ljfour/jknappen/ec/ecbx1728.600pk> </home/felic/.texlive2019/texmf-var/fonts/pk/ljfour/jknappen/ec/ecbx1200.600pk> </home/felic/.texlive2019/texmf-var/fonts/pk/ljfour/jknappen/ec/ectt1200.600pk> </home/felic/.texlive2019/texmf-var/fonts/pk/ljfour/jknappen/ec/ecrm1200.600pk> </home/felic/.texlive2019/texmf-var/fonts/pk/ljfour/jknappen/ec/ecbx2488.600pk></usr/share/texlive/texmf-dist/fonts/type1/public/amsfonts/cm/cmex10.pfb></usr/share/texlive/texmf-dist/fonts/type1/public/amsfonts/cm/cmmi10.pfb></usr/share/texlive/texmf-dist/fonts/type1/public/amsfonts/cm/cmmi12.pfb></usr/share/texlive/texmf-dist/fonts/type1/public/amsfonts/cm/cmmi6.pfb></usr/share/texlive/texmf-dist/fonts/type1/public/amsfonts/cm/cmmi7.pfb></usr/share/texlive/texmf-dist/fonts/type1/public/amsfonts/cm/cmmi8.pfb></usr/share/texlive/texmf-dist/fonts/type1/public/amsfonts/cm/cmr10.pfb></usr/share/texlive/texmf-dist/fonts/type1/public/amsfonts/cm/cmr12.pfb></usr/share/texlive/texmf-dist/fonts/type1/public/amsfonts/cm/cmr5.pfb></usr/share/texlive/texmf-dist/fonts/type1/public/amsfonts/cm/cmr6.pfb></usr/share/texlive/texmf-dist/fonts/type1/public/amsfonts/cm/cmr7.pfb></usr/share/texlive/texmf-dist/fonts/type1/public/amsfonts/cm/cmr8.pfb></usr/share/texlive/texmf-dist/fonts/type1/public/amsfonts/cm/cmsy10.pfb></usr/share/texlive/texmf-dist/fonts/type1/public/amsfonts/cm/cmsy5.pfb></usr/share/texlive/texmf-dist/fonts/type1/public/amsfonts/cm/cmsy6.pfb></usr/share/texlive/texmf-dist/fonts/type1/public/amsfonts/cm/cmsy7.pfb></usr/share/texlive/texmf-dist/fonts/type1/public/amsfonts/cm/cmsy8.pfb></usr/share/texlive/texmf-dist/fonts/type1/public/amsfonts/symbols/msam10.pfb></usr/share/texlive/texmf-dist/fonts/type1/public/amsfonts/symbols/msbm10.pfb>
Output written on main.pdf (61 pages, 5894835 bytes).
PDF statistics:
 1715 PDF objects out of 1728 (max. 8388607)
 1070 compressed objects within 11 object streams
 335 named destinations out of 1000 (max. 500000)
 592 words of extra memory for PDF output out of 10000 (max. 10000000)

