This is pdfTeX, Version 3.14159265-2.6-1.40.20 (TeX Live 2019/Debian) (preloaded format=pdflatex 2023.7.31)  29 SEP 2023 11:55
entering extended mode
 restricted \write18 enabled.
 file:line:error style messages enabled.
 %&-line parsing enabled.
**/home/felic/felic/Uni/Cosmology/Gravitational_Waves/LaTeX/results
(/home/felic/felic/Uni/Cosmology/Gravitational_Waves/LaTeX/results.tex
LaTeX2e <2020-02-02> patch level 2
L3 programming layer <2020-02-14>

/home/felic/felic/Uni/Cosmology/Gravitational_Waves/LaTeX/results.tex:1: LaTeX Error: \usepackage before \documentclass.

See the LaTeX manual or LaTeX Companion for explanation.
Type  H <return>  for immediate help.
 ...                                              
                                                  
l.1 \usepackage{
                xr}
\usepackage may only appear in the document preamble, i.e.,
between \documentclass and \begin{document}.

(/usr/share/texlive/texmf-dist/tex/latex/l3backend/l3backend-pdfmode.def
File: l3backend-pdfmode.def 2020-02-03 L3 backend support: PDF mode
\l__kernel_color_stack_int=\count167
\l__pdf_internal_box=\box45
)
No file results.aux.
\openout1 = `results.aux'.

LaTeX Font Info:    Checking defaults for OML/cmm/m/it on input line 3.
LaTeX Font Info:    ... okay on input line 3.
LaTeX Font Info:    Checking defaults for OMS/cmsy/m/n on input line 3.
LaTeX Font Info:    ... okay on input line 3.
LaTeX Font Info:    Checking defaults for OT1/cmr/m/n on input line 3.
LaTeX Font Info:    ... okay on input line 3.
LaTeX Font Info:    Checking defaults for T1/cmr/m/n on input line 3.
LaTeX Font Info:    ... okay on input line 3.
LaTeX Font Info:    Checking defaults for TS1/cmr/m/n on input line 3.
LaTeX Font Info:    ... okay on input line 3.
LaTeX Font Info:    Checking defaults for OMX/cmex/m/n on input line 3.
LaTeX Font Info:    ... okay on input line 3.
LaTeX Font Info:    Checking defaults for U/cmr/m/n on input line 3.
LaTeX Font Info:    ... okay on input line 3.

/home/felic/felic/Uni/Cosmology/Gravitational_Waves/LaTeX/results.tex:3: LaTeX Error: The font size command \normalsize is not defined:
               there is probably something wrong with the class file.

See the LaTeX manual or LaTeX Companion for explanation.
Type  H <return>  for immediate help.
 ...                                              
                                                  
l.3 \begin{document}
                    
Your command was ignored.
Type  I <command> <return>  to replace it with another command,
or  <return>  to continue without it.

/home/felic/felic/Uni/Cosmology/Gravitational_Waves/LaTeX/results.tex:4: Undefined control sequence.
l.4 \externaldocument
                     {frequency.tex}
The control sequence at the end of the top line
of your error message was never \def'ed. If you have
misspelled it (e.g., `\hobx'), type `I' and the correct
spelling (e.g., `I\hbox'). Otherwise just continue,
and I'll forget about whatever was undefined.

/home/felic/felic/Uni/Cosmology/Gravitational_Waves/LaTeX/results.tex:6: Missing $ inserted.
<inserted text> 
                $
l.6 ...cy-dependent angular power spectrum from {_
                                                  tt Multi\_CLASS}, we imple...
I've inserted a begin-math/end-math symbol since I think
you left one out. Proceed, with fingers crossed.

LaTeX Font Info:    External font `cmex10' loaded for size
(Font)              <7> on input line 6.
LaTeX Font Info:    External font `cmex10' loaded for size
(Font)              <5> on input line 6.
/home/felic/felic/Uni/Cosmology/Gravitational_Waves/LaTeX/results.tex:6: Extra }, or forgotten $.
l.6 ...ular power spectrum from {_tt Multi\_CLASS}
                                                  , we implemented a frequen...
I've deleted a group-closing symbol because it seems to be
spurious, as in `$x}$'. But perhaps the } is legitimate and
you forgot something else, as in `\hbox{$x}'. In such cases
the way to recover is to insert both the forgotten and the
deleted material, e.g., by typing `I$}'.

/home/felic/felic/Uni/Cosmology/Gravitational_Waves/LaTeX/results.tex:6: Undefined control sequence.
<write> ... `window_fct_section' on page \thepage 
                                                  \space undefined\on@line .
l.6 ...nt window function \ref{window_fct_section}
                                                   and evolution bias \ref{e...
The control sequence at the end of the top line
of your error message was never \def'ed. If you have
misspelled it (e.g., `\hobx'), type `I' and the correct
spelling (e.g., `I\hbox'). Otherwise just continue,
and I'll forget about whatever was undefined.


LaTeX Warning: Reference `window_fct_section' on page  undefined on input line 6.

/home/felic/felic/Uni/Cosmology/Gravitational_Waves/LaTeX/results.tex:6: Undefined control sequence.
<write> ...ce `evo_bias_section' on page \thepage 
                                                  \space undefined\on@line .
l.6 ...} and evolution bias \ref{evo_bias_section}
                                                  . Using this, we can choos...
The control sequence at the end of the top line
of your error message was never \def'ed. If you have
misspelled it (e.g., `\hobx'), type `I' and the correct
spelling (e.g., `I\hbox'). Otherwise just continue,
and I'll forget about whatever was undefined.


LaTeX Warning: Reference `evo_bias_section' on page  undefined on input line 6.

/home/felic/felic/Uni/Cosmology/Gravitational_Waves/LaTeX/results.tex:7: Missing $ inserted.
<inserted text> 
                $
l.7 
    
I've inserted a begin-math/end-math symbol since I think
you left one out. Proceed, with fingers crossed.

/home/felic/felic/Uni/Cosmology/Gravitational_Waves/LaTeX/results.tex:8: Undefined control sequence.
l.8 We then extended the {\tt
                              CLASS} code to also include the dipole l=1, wh...
The control sequence at the end of the top line
of your error message was never \def'ed. If you have
misspelled it (e.g., `\hobx'), type `I' and the correct
spelling (e.g., `I\hbox'). Otherwise just continue,
and I'll forget about whatever was undefined.

/home/felic/felic/Uni/Cosmology/Gravitational_Waves/LaTeX/results.tex:8: Undefined control sequence.
l.8 ...he dipole l=1, which I also changed in {\tt
                                                   Multi\_CLASS}.
The control sequence at the end of the top line
of your error message was never \def'ed. If you have
misspelled it (e.g., `\hobx'), type `I' and the correct
spelling (e.g., `I\hbox'). Otherwise just continue,
and I'll forget about whatever was undefined.

/home/felic/felic/Uni/Cosmology/Gravitational_Waves/LaTeX/results.tex:9: Undefined control sequence.
l.9 \section
            {Frequency Dependent AGWB Angular Power Spectrum}
The control sequence at the end of the top line
of your error message was never \def'ed. If you have
misspelled it (e.g., `\hobx'), type `I' and the correct
spelling (e.g., `I\hbox'). Otherwise just continue,
and I'll forget about whatever was undefined.

/home/felic/felic/Uni/Cosmology/Gravitational_Waves/LaTeX/results.tex:10: Undefined control sequence.
l.10 \section
             {AGWB vs. Noise}
The control sequence at the end of the top line
of your error message was never \def'ed. If you have
misspelled it (e.g., `\hobx'), type `I' and the correct
spelling (e.g., `I\hbox'). Otherwise just continue,
and I'll forget about whatever was undefined.

/home/felic/felic/Uni/Cosmology/Gravitational_Waves/LaTeX/results.tex:11: Undefined control sequence.
l.11 \section
             {CGWB vs. Noise}
The control sequence at the end of the top line
of your error message was never \def'ed. If you have
misspelled it (e.g., `\hobx'), type `I' and the correct
spelling (e.g., `I\hbox'). Otherwise just continue,
and I'll forget about whatever was undefined.


/home/felic/felic/Uni/Cosmology/Gravitational_Waves/LaTeX/results.tex:13: LaTeX Error: The font size command \normalsize is not defined:
               there is probably something wrong with the class file.

See the LaTeX manual or LaTeX Companion for explanation.
Type  H <return>  for immediate help.
 ...                                              
                                                  
l.13 \end{document}
                   
Your command was ignored.
Type  I <command> <return>  to replace it with another command,
or  <return>  to continue without it.

[1{/var/lib/texmf/fonts/map/pdftex/updmap/pdftex.map}] (./results.aux)

LaTeX Warning: There were undefined references.

 )
(\end occurred inside a group at level 1)

### simple group (level 1) entered at line 6 ({)
### bottom level 
Here is how much of TeX's memory you used:
 168 strings out of 483140
 4386 string characters out of 5965151
 232752 words of memory out of 5000000
 15282 multiletter control sequences out of 15000+600000
 532646 words of font info for 25 fonts, out of 8000000 for 9000
 36 hyphenation exceptions out of 8191
 18i,4n,19p,398b,82s stack positions out of 5000i,500n,10000p,200000b,80000s
</usr/share/texlive/texmf-dist/fonts/type1/public/amsfonts/cm/cmbx10.pfb></usr/share/texlive/texmf-dist/fonts/type1/public/amsfonts/cm/cmmi10.pfb></usr/share/texlive/texmf-dist/fonts/type1/public/amsfonts/cm/cmmi7.pfb></usr/share/texlive/texmf-dist/fonts/type1/public/amsfonts/cm/cmr10.pfb></usr/share/texlive/texmf-dist/fonts/type1/public/amsfonts/cm/cmsy10.pfb>
Output written on results.pdf (1 page, 56073 bytes).
PDF statistics:
 28 PDF objects out of 1000 (max. 8388607)
 19 compressed objects within 1 object stream
 0 named destinations out of 1000 (max. 500000)
 1 words of extra memory for PDF output out of 10000 (max. 10000000)

